Start testing: Aug 11 09:47 Paris, Madrid (heure d’été)
----------------------------------------------------------
1/2 Testing: note_fx_step1_static_validation
1/2 Test: note_fx_step1_static_validation
Command: "C:/Windows/System32/WindowsPowerShell/v1.0/powershell.exe" "-NoProfile" "-ExecutionPolicy" "Bypass" "-File" "C:/Users/developpeur/Documents/BRICK5_H743_176/BRICK6/tests/note_fx_step1_static_validation.ps1"
Directory: C:/Users/developpeur/Documents/BRICK5_H743_176/BRICK6/build/stage1-tests
"note_fx_step1_static_validation" start time: Aug 11 09:47 Paris, Madrid (heure d’été)
Output:
----------------------------------------------------------
note_fx_step1_static_validation=PASS adapter=explicit terminal=independent owner=queued restore=model-defaults clock=uint32-overflow
<end of output>
Test time =   0.49 sec
----------------------------------------------------------
Test Passed.
"note_fx_step1_static_validation" end time: Aug 11 09:47 Paris, Madrid (heure d’été)
"note_fx_step1_static_validation" time elapsed: 00:00:00
----------------------------------------------------------

2/2 Testing: note_fx_step10_consolidation_validation
2/2 Test: note_fx_step10_consolidation_validation
Command: "C:/Windows/System32/WindowsPowerShell/v1.0/powershell.exe" "-NoProfile" "-ExecutionPolicy" "Bypass" "-File" "C:/Users/developpeur/Documents/BRICK5_H743_176/BRICK6/tests/note_fx_step10_consolidation_validation.ps1"
Directory: C:/Users/developpeur/Documents/BRICK5_H743_176/BRICK6/build/stage1-tests
"note_fx_step10_consolidation_validation" start time: Aug 11 09:47 Paris, Madrid (heure d’été)
Output:
----------------------------------------------------------
note_fx_step10_consolidation_validation=PASS cardinality=3 euclid=bounded terminal=64 hot_path=static-safe measurements=deferred
<end of output>
Test time =   1.22 sec
----------------------------------------------------------
Test Passed.
"note_fx_step10_consolidation_validation" end time: Aug 11 09:47 Paris, Madrid (heure d’été)
"note_fx_step10_consolidation_validation" time elapsed: 00:00:01
----------------------------------------------------------

End testing: Aug 11 09:47 Paris, Madrid (heure d’été)
